F:\OPENCV\20190426\20190426\20190426\DEBUG\源.OBJ
F:\OPENCV\20190426\20190426\20190426\DEBUG\VC110.PDB
F:\OPENCV\20190426\20190426\20190426\DEBUG\源1.OBJ
F:\OPENCV\20190426\20190426\20190426\DEBUG\源2.OBJ
F:\OPENCV\20190426\20190426\DEBUG\20190426.ILK
F:\OPENCV\20190426\20190426\DEBUG\20190426.EXE
F:\OPENCV\20190426\20190426\DEBUG\20190426.PDB
F:\OpenCV\20190426\20190426\20190426\Debug\源1.obj
F:\OpenCV\20190426\20190426\20190426\Debug\源.obj
F:\OpenCV\20190426\20190426\20190426\Debug\源2.obj
F:\OpenCV\20190426\20190426\20190426\Debug\link.3980.write.1.tlog
F:\OpenCV\20190426\20190426\20190426\Debug\CL.read.1.tlog
F:\OpenCV\20190426\20190426\20190426\Debug\CL.write.1.tlog
F:\OpenCV\20190426\20190426\20190426\Debug\cl.command.1.tlog
F:\OpenCV\20190426\20190426\20190426\Debug\link-rc.read.1.tlog
F:\OpenCV\20190426\20190426\20190426\Debug\link-rc.write.1.tlog
F:\OpenCV\20190426\20190426\20190426\Debug\link-cvtres.read.1.tlog
F:\OpenCV\20190426\20190426\20190426\Debug\link-cvtres.write.1.tlog
F:\OpenCV\20190426\20190426\20190426\Debug\link.read.1.tlog
F:\OpenCV\20190426\20190426\20190426\Debug\link.write.1.tlog
F:\OpenCV\20190426\20190426\20190426\Debug\link.command.1.tlog
F:\OpenCV\20190426\20190426\20190426\Debug\link.5868-rc.read.1.tlog
F:\OpenCV\20190426\20190426\20190426\Debug\link.5868-rc.write.1.tlog
F:\OpenCV\20190426\20190426\20190426\Debug\link.5868-cvtres.read.1.tlog
F:\OpenCV\20190426\20190426\20190426\Debug\link.5868-cvtres.write.1.tlog
F:\OpenCV\20190426\20190426\20190426\Debug\link.5868.read.1.tlog
F:\OpenCV\20190426\20190426\20190426\Debug\link.5868.write.1.tlog
F:\OpenCV\20190426\20190426\20190426\Debug\link.3980-rc.read.1.tlog
F:\OpenCV\20190426\20190426\20190426\Debug\link.3980-rc.write.1.tlog
F:\OpenCV\20190426\20190426\20190426\Debug\link.3980-cvtres.read.1.tlog
F:\OpenCV\20190426\20190426\20190426\Debug\link.3980-cvtres.write.1.tlog
F:\OpenCV\20190426\20190426\20190426\Debug\link.3980.read.1.tlog
F:\OpenCV\20190426\20190426\20190426\Debug\vc110.idb
F:\OpenCV\20190426\20190426\20190426\Debug\vc110.pdb
F:\OpenCV\20190426\20190426\Debug\20190426.pdb
F:\OpenCV\20190426\20190426\Debug\20190426.exe
F:\OpenCV\20190426\20190426\Debug\20190426.ilk
