F:\OPENCV\20190410\PROJECT1\PROJECT1\DEBUG\源.OBJ
F:\OPENCV\20190410\PROJECT1\PROJECT1\DEBUG\VC110.PDB
F:\OPENCV\20190410\PROJECT1\PROJECT1\DEBUG\源1.OBJ
F:\OpenCV\20190410\Project1\Project1\Debug\源.obj
F:\OpenCV\20190410\Project1\Project1\Debug\源1.obj
F:\OpenCV\20190410\Project1\Project1\Debug\link.6332.write.1.tlog
F:\OpenCV\20190410\Project1\Project1\Debug\CL.read.1.tlog
F:\OpenCV\20190410\Project1\Project1\Debug\CL.write.1.tlog
F:\OpenCV\20190410\Project1\Project1\Debug\cl.command.1.tlog
F:\OpenCV\20190410\Project1\Project1\Debug\link-rc.read.1.tlog
F:\OpenCV\20190410\Project1\Project1\Debug\link-rc.write.1.tlog
F:\OpenCV\20190410\Project1\Project1\Debug\link-cvtres.read.1.tlog
F:\OpenCV\20190410\Project1\Project1\Debug\link-cvtres.write.1.tlog
F:\OpenCV\20190410\Project1\Project1\Debug\link.read.1.tlog
F:\OpenCV\20190410\Project1\Project1\Debug\link.write.1.tlog
F:\OpenCV\20190410\Project1\Project1\Debug\link.command.1.tlog
F:\OpenCV\20190410\Project1\Project1\Debug\link.6384-rc.read.1.tlog
F:\OpenCV\20190410\Project1\Project1\Debug\link.6384-rc.write.1.tlog
F:\OpenCV\20190410\Project1\Project1\Debug\link.6384-cvtres.read.1.tlog
F:\OpenCV\20190410\Project1\Project1\Debug\link.6384-cvtres.write.1.tlog
F:\OpenCV\20190410\Project1\Project1\Debug\link.6384.read.1.tlog
F:\OpenCV\20190410\Project1\Project1\Debug\link.6384.write.1.tlog
F:\OpenCV\20190410\Project1\Project1\Debug\link.6332-rc.read.1.tlog
F:\OpenCV\20190410\Project1\Project1\Debug\link.6332-rc.write.1.tlog
F:\OpenCV\20190410\Project1\Project1\Debug\link.6332-cvtres.read.1.tlog
F:\OpenCV\20190410\Project1\Project1\Debug\link.6332-cvtres.write.1.tlog
F:\OpenCV\20190410\Project1\Project1\Debug\link.6332.read.1.tlog
F:\OpenCV\20190410\Project1\Project1\Debug\vc110.idb
F:\OpenCV\20190410\Project1\Project1\Debug\vc110.pdb
F:\OpenCV\20190410\Project1\Debug\Project1.pdb
F:\OpenCV\20190410\Project1\Debug\Project1.exe
F:\OpenCV\20190410\Project1\Debug\Project1.ilk
