F:\OPENCV\20190320\PROJECT1\PROJECT1\DEBUG\DEMO.OBJ
F:\OPENCV\20190320\PROJECT1\PROJECT1\DEBUG\VC110.PDB
F:\OPENCV\20190320\PROJECT1\DEBUG\PROJECT1.ILK
F:\OPENCV\20190320\PROJECT1\DEBUG\PROJECT1.EXE
F:\OPENCV\20190320\PROJECT1\DEBUG\PROJECT1.PDB
F:\OpenCV\20190320\Project1\Project1\Debug\demo.obj
F:\OpenCV\20190320\Project1\Project1\Debug\CL.read.1.tlog
F:\OpenCV\20190320\Project1\Project1\Debug\CL.write.1.tlog
F:\OpenCV\20190320\Project1\Project1\Debug\cl.command.1.tlog
F:\OpenCV\20190320\Project1\Project1\Debug\link-rc.read.1.tlog
F:\OpenCV\20190320\Project1\Project1\Debug\link-rc.write.1.tlog
F:\OpenCV\20190320\Project1\Project1\Debug\link-cvtres.read.1.tlog
F:\OpenCV\20190320\Project1\Project1\Debug\link-cvtres.write.1.tlog
F:\OpenCV\20190320\Project1\Project1\Debug\link.read.1.tlog
F:\OpenCV\20190320\Project1\Project1\Debug\link.write.1.tlog
F:\OpenCV\20190320\Project1\Project1\Debug\link.command.1.tlog
F:\OpenCV\20190320\Project1\Project1\Debug\link.5980-rc.read.1.tlog
F:\OpenCV\20190320\Project1\Project1\Debug\link.5980-rc.write.1.tlog
F:\OpenCV\20190320\Project1\Project1\Debug\link.5980-cvtres.read.1.tlog
F:\OpenCV\20190320\Project1\Project1\Debug\link.5980-cvtres.write.1.tlog
F:\OpenCV\20190320\Project1\Project1\Debug\link.5980.read.1.tlog
F:\OpenCV\20190320\Project1\Project1\Debug\link.5980.write.1.tlog
F:\OpenCV\20190320\Project1\Project1\Debug\vc110.idb
F:\OpenCV\20190320\Project1\Project1\Debug\vc110.pdb
F:\OpenCV\20190320\Project1\Debug\Project1.pdb
F:\OpenCV\20190320\Project1\Debug\Project1.exe
F:\OpenCV\20190320\Project1\Debug\Project1.ilk
