C:\USERS\ADMINISTRATOR\DOCUMENTS\VISUAL STUDIO 2012\PROJECTS\PROJECT3\PROJECT3\DEBUG\源.OBJ
C:\USERS\ADMINISTRATOR\DOCUMENTS\VISUAL STUDIO 2012\PROJECTS\PROJECT3\PROJECT3\DEBUG\VC110.PDB
C:\USERS\ADMINISTRATOR\DOCUMENTS\VISUAL STUDIO 2012\PROJECTS\PROJECT3\PROJECT3\DEBUG\源1.OBJ
C:\USERS\ADMINISTRATOR\DOCUMENTS\VISUAL STUDIO 2012\PROJECTS\PROJECT3\DEBUG\PROJECT3.ILK
C:\USERS\ADMINISTRATOR\DOCUMENTS\VISUAL STUDIO 2012\PROJECTS\PROJECT3\DEBUG\PROJECT3.EXE
C:\USERS\ADMINISTRATOR\DOCUMENTS\VISUAL STUDIO 2012\PROJECTS\PROJECT3\DEBUG\PROJECT3.PDB
c:\Users\administrator\documents\visual studio 2012\Projects\Project3\Project3\Debug\源.obj
c:\Users\administrator\documents\visual studio 2012\Projects\Project3\Project3\Debug\源1.obj
c:\Users\administrator\documents\visual studio 2012\Projects\Project3\Project3\Debug\cl.command.1.tlog
c:\Users\administrator\documents\visual studio 2012\Projects\Project3\Project3\Debug\CL.read.1.tlog
c:\Users\administrator\documents\visual studio 2012\Projects\Project3\Project3\Debug\CL.write.1.tlog
c:\Users\administrator\documents\visual studio 2012\Projects\Project3\Project3\Debug\link-cvtres.read.1.tlog
c:\Users\administrator\documents\visual studio 2012\Projects\Project3\Project3\Debug\link-cvtres.write.1.tlog
c:\Users\administrator\documents\visual studio 2012\Projects\Project3\Project3\Debug\link-rc.read.1.tlog
c:\Users\administrator\documents\visual studio 2012\Projects\Project3\Project3\Debug\link-rc.write.1.tlog
c:\Users\administrator\documents\visual studio 2012\Projects\Project3\Project3\Debug\link.7640-cvtres.read.1.tlog
c:\Users\administrator\documents\visual studio 2012\Projects\Project3\Project3\Debug\link.7640-cvtres.write.1.tlog
c:\Users\administrator\documents\visual studio 2012\Projects\Project3\Project3\Debug\link.7640-rc.read.1.tlog
c:\Users\administrator\documents\visual studio 2012\Projects\Project3\Project3\Debug\link.7640-rc.write.1.tlog
c:\Users\administrator\documents\visual studio 2012\Projects\Project3\Project3\Debug\link.7640.read.1.tlog
c:\Users\administrator\documents\visual studio 2012\Projects\Project3\Project3\Debug\link.7640.write.1.tlog
c:\Users\administrator\documents\visual studio 2012\Projects\Project3\Project3\Debug\link.7896-cvtres.read.1.tlog
c:\Users\administrator\documents\visual studio 2012\Projects\Project3\Project3\Debug\link.7896-cvtres.write.1.tlog
c:\Users\administrator\documents\visual studio 2012\Projects\Project3\Project3\Debug\link.7896-rc.read.1.tlog
c:\Users\administrator\documents\visual studio 2012\Projects\Project3\Project3\Debug\link.7896-rc.write.1.tlog
c:\Users\administrator\documents\visual studio 2012\Projects\Project3\Project3\Debug\link.7896.read.1.tlog
c:\Users\administrator\documents\visual studio 2012\Projects\Project3\Project3\Debug\link.7896.write.1.tlog
c:\Users\administrator\documents\visual studio 2012\Projects\Project3\Project3\Debug\link.command.1.tlog
c:\Users\administrator\documents\visual studio 2012\Projects\Project3\Project3\Debug\link.read.1.tlog
c:\Users\administrator\documents\visual studio 2012\Projects\Project3\Project3\Debug\link.write.1.tlog
c:\Users\administrator\documents\visual studio 2012\Projects\Project3\Project3\Debug\vc110.idb
c:\Users\administrator\documents\visual studio 2012\Projects\Project3\Project3\Debug\vc110.pdb
c:\users\administrator\documents\visual studio 2012\projects\Project3\Debug\Project3.pdb
c:\users\administrator\documents\visual studio 2012\projects\Project3\Debug\Project3.exe
c:\users\administrator\documents\visual studio 2012\projects\Project3\Debug\Project3.ilk
