F:\OPENCV\20190329\20190329\20190329\DEBUG\源.OBJ
F:\OPENCV\20190329\20190329\20190329\DEBUG\VC110.PDB
F:\OPENCV\20190329\20190329\20190329\DEBUG\DEMOLINE.OBJ
F:\OPENCV\20190329\20190329\DEBUG\20190329.ILK
F:\OPENCV\20190329\20190329\DEBUG\20190329.EXE
F:\OPENCV\20190329\20190329\DEBUG\20190329.PDB
F:\OpenCV\20190329\20190329\20190329\Debug\源.obj
F:\OpenCV\20190329\20190329\20190329\Debug\demoLine.obj
F:\OpenCV\20190329\20190329\20190329\Debug\CL.read.1.tlog
F:\OpenCV\20190329\20190329\20190329\Debug\CL.write.1.tlog
F:\OpenCV\20190329\20190329\20190329\Debug\cl.command.1.tlog
F:\OpenCV\20190329\20190329\20190329\Debug\link-rc.read.1.tlog
F:\OpenCV\20190329\20190329\20190329\Debug\link-rc.write.1.tlog
F:\OpenCV\20190329\20190329\20190329\Debug\link-cvtres.read.1.tlog
F:\OpenCV\20190329\20190329\20190329\Debug\link-cvtres.write.1.tlog
F:\OpenCV\20190329\20190329\20190329\Debug\link.read.1.tlog
F:\OpenCV\20190329\20190329\20190329\Debug\link.write.1.tlog
F:\OpenCV\20190329\20190329\20190329\Debug\link.command.1.tlog
F:\OpenCV\20190329\20190329\20190329\Debug\link.5668-rc.read.1.tlog
F:\OpenCV\20190329\20190329\20190329\Debug\link.5668-rc.write.1.tlog
F:\OpenCV\20190329\20190329\20190329\Debug\link.5668-cvtres.read.1.tlog
F:\OpenCV\20190329\20190329\20190329\Debug\link.5668-cvtres.write.1.tlog
F:\OpenCV\20190329\20190329\20190329\Debug\link.5668.read.1.tlog
F:\OpenCV\20190329\20190329\20190329\Debug\link.5668.write.1.tlog
F:\OpenCV\20190329\20190329\20190329\Debug\vc110.idb
F:\OpenCV\20190329\20190329\20190329\Debug\vc110.pdb
F:\OpenCV\20190329\20190329\Debug\20190329.pdb
F:\OpenCV\20190329\20190329\Debug\20190329.exe
F:\OpenCV\20190329\20190329\Debug\20190329.ilk
